[04/03/2026 06:10:10] Iniciando execucao
[04/03/2026 06:10:10] Iniciando empresa: 153 TECNOLOGIA LTDA (ID: 2245)
[04/03/2026 06:10:42] [PULOU] Sem dados: 216 - MÉDIAS VARIAVEIS 13 INTEGRADO
[04/03/2026 06:11:10] [PULOU] Sem dados: 100 - AVISO PRÉVIO INDENIZADO
[04/03/2026 06:16:01] Iniciando execucao
[04/03/2026 06:16:01] Iniciando empresa: 153 TECNOLOGIA LTDA (ID: 2245)
[04/03/2026 06:16:33] [PULOU] Sem dados: 216 - MÉDIAS VARIAVEIS 13 INTEGRADO
[04/03/2026 06:17:00] [OK] 153 TECNOLOGIA LTDA | 100 - AVISO PRÉVIO INDENIZADO
[04/03/2026 06:17:24] [OK] 153 TECNOLOGIA LTDA | 12 - HORAS FÉRIAS DIURNAS
[04/03/2026 06:17:46] [OK] 153 TECNOLOGIA LTDA | 136 - MÉDIA VARIÁVEIS FÉRIAS (HOLERITE)
[04/03/2026 06:18:09] [OK] 153 TECNOLOGIA LTDA | 148 - ABONO PECUNIÁRIO FÉRIAS
[04/03/2026 06:18:32] [OK] 153 TECNOLOGIA LTDA | 152 - MÉDIA VARIÁVEIS ABONO (HOLERITE)
[04/03/2026 06:18:55] [OK] 153 TECNOLOGIA LTDA | 160 - 1-3 ABONO (HOLERITE)
[04/03/2026 06:19:18] [OK] 153 TECNOLOGIA LTDA | 1955 - DIFERENCA INSS FÉRIAS
[04/03/2026 06:19:41] [OK] 153 TECNOLOGIA LTDA | 184 - 1-3 FÉRIAS VENCIDAS - PROPORCIONAL RECISAO
[04/03/2026 06:20:04] [OK] 153 TECNOLOGIA LTDA | 172 - FÉRIAS PROPORCIONAIS RECISÃO
[04/03/2026 06:20:27] [OK] 153 TECNOLOGIA LTDA | 1954 - DEVOLUCAO DE INSS FÉRIAS
[04/03/2026 06:20:50] [OK] 153 TECNOLOGIA LTDA | 301 - INSS S-FÉRIAS
[04/03/2026 06:21:13] [OK] 153 TECNOLOGIA LTDA | 1065 - INSS PRÓ LABORE
[04/03/2026 06:21:36] [OK] 153 TECNOLOGIA LTDA | 170 - FÉRIAS VENCIDAS RESCISÃO
[04/03/2026 06:21:37] Empresa concluida: 153 TECNOLOGIA LTDA
[04/03/2026 06:21:37] Iniciando empresa: AGRO-S LTDA (ID: 183)
[04/03/2026 06:22:09] [PULOU] Sem dados: 216 - MÉDIAS VARIAVEIS 13 INTEGRADO
[04/03/2026 06:22:36] [PULOU] Sem dados: 100 - AVISO PRÉVIO INDENIZADO
[04/03/2026 06:23:04] [PULOU] Sem dados: 12 - HORAS FÉRIAS DIURNAS
[04/03/2026 06:23:32] [PULOU] Sem dados: 136 - MÉDIA VARIÁVEIS FÉRIAS (HOLERITE)
[04/03/2026 06:24:00] [PULOU] Sem dados: 148 - ABONO PECUNIÁRIO FÉRIAS
[04/03/2026 06:24:27] [PULOU] Sem dados: 152 - MÉDIA VARIÁVEIS ABONO (HOLERITE)
[04/03/2026 06:24:55] [PULOU] Sem dados: 160 - 1-3 ABONO (HOLERITE)
[04/03/2026 06:25:23] [PULOU] Sem dados: 1955 - DIFERENCA INSS FÉRIAS
[04/03/2026 06:25:46] [OK] AGRO-S LTDA | 184 - 1-3 FÉRIAS VENCIDAS - PROPORCIONAL RECISAO
[04/03/2026 06:26:10] [OK] AGRO-S LTDA | 172 - FÉRIAS PROPORCIONAIS RECISÃO
[04/03/2026 06:26:37] [PULOU] Sem dados: 1954 - DEVOLUCAO DE INSS FÉRIAS
[04/03/2026 06:27:05] [PULOU] Sem dados: 301 - INSS S-FÉRIAS
[04/03/2026 06:27:29] [OK] AGRO-S LTDA | 1065 - INSS PRÓ LABORE
[04/03/2026 06:27:52] [OK] AGRO-S LTDA | 170 - FÉRIAS VENCIDAS RESCISÃO
[04/03/2026 06:27:52] Empresa concluida: AGRO-S LTDA
[04/03/2026 06:27:52] Iniciando empresa: ASTRA BARRA CONTROLE DE PRAGAS LTDA (ID: 3009)
[04/03/2026 06:28:24] [PULOU] Sem dados: 216 - MÉDIAS VARIAVEIS 13 INTEGRADO
